2014-11-27 00:11:21,992	6248  	DEBUG 	CRAWLER	loading stop words ...
2014-11-27 00:11:21,992	6248  	DEBUG 	CRAWLER	loaded stop words, size = 0
2014-11-27 00:11:37,624	576   	DEBUG 	CRAWLER	loading stop words ...
2014-11-27 00:11:37,624	576   	DEBUG 	CRAWLER	loaded stop words, size = 0
2014-11-27 00:11:37,874	576   	INFO  	CRAWLER	------------------------------------
2014-11-27 00:12:12,562	2220  	DEBUG 	CRAWLER	loading stop words ...
2014-11-27 00:12:12,562	2220  	DEBUG 	CRAWLER	loaded stop words, size = 0
2014-11-27 00:12:12,812	2220  	INFO  	CRAWLER	------------------------------------
2014-11-27 00:12:29,233	6344  	DEBUG 	CRAWLER	loading stop words ...
2014-11-27 00:12:29,233	6344  	DEBUG 	CRAWLER	loaded stop words, size = 0
2014-11-27 00:12:29,499	6344  	INFO  	CRAWLER	------------------------------------
2014-11-27 00:14:28,467	6312  	DEBUG 	CRAWLER	loading stop words ...
2014-11-27 00:14:28,469	6312  	DEBUG 	CRAWLER	loaded stop words, size = 0
2014-11-27 00:14:28,727	6312  	INFO  	CRAWLER	------------------------------------
2014-11-27 00:16:10,990	2104  	DEBUG 	CRAWLER	loading stop words ...
2014-11-27 00:16:10,990	2104  	DEBUG 	CRAWLER	loaded stop words, size = 0
2014-11-27 00:16:11,240	2104  	INFO  	CRAWLER	------------------------------------
2014-11-27 00:16:16,201	2104  	INFO  	CRAWLER	------------------------------------
2014-11-27 00:16:20,858	2104  	INFO  	CRAWLER	------------------------------------
2014-11-27 00:16:25,476	2104  	INFO  	CRAWLER	------------------------------------
2014-11-27 00:16:30,272	2104  	INFO  	CRAWLER	------------------------------------
2014-11-27 00:16:35,051	2104  	INFO  	CRAWLER	------------------------------------
2014-11-27 00:16:39,819	2104  	INFO  	CRAWLER	------------------------------------
2014-11-27 00:16:44,658	2104  	INFO  	CRAWLER	------------------------------------
2014-11-27 00:16:49,278	2104  	INFO  	CRAWLER	------------------------------------
2014-11-27 00:16:54,065	2104  	INFO  	CRAWLER	------------------------------------
2014-11-27 00:16:58,969	2104  	INFO  	CRAWLER	------------------------------------
2014-11-27 00:17:03,770	2104  	INFO  	CRAWLER	------------------------------------
2014-11-27 00:17:08,473	2104  	INFO  	CRAWLER	------------------------------------
2014-11-27 00:17:13,313	2104  	INFO  	CRAWLER	------------------------------------
2014-11-27 00:17:18,375	2104  	INFO  	CRAWLER	------------------------------------
2014-11-27 00:18:14,897	5752  	DEBUG 	CRAWLER	loading stop words ...
2014-11-27 00:18:14,897	5752  	DEBUG 	CRAWLER	loaded stop words, size = 0
2014-11-27 00:18:15,177	5752  	INFO  	CRAWLER	------------------------------------
2014-11-27 00:18:42,835	6464  	DEBUG 	CRAWLER	loading stop words ...
2014-11-27 00:18:42,835	6464  	DEBUG 	CRAWLER	loaded stop words, size = 0
2014-11-27 00:18:43,147	6464  	INFO  	CRAWLER	------------------------------------
